<?xml version="1.0" encoding="UTF-8"?>
<!-- Generated by org.testng.reporters.JUnitXMLReporter -->
<testsuite ignored="4" hostname="HAREESHMA-SARATH-IRISH" failures="0" tests="1" name="Default test" time="8.554" errors="0" timestamp="2024-08-01T01:11:55 IST">
  <testcase classname="testClasses.LoginTestClass" name="verifyTheExpectedPageIsOpenWhileHittingTheURL" time="0.089"/>
  <testcase classname="testClasses.LoginTestClass" name="verifyTheForgetPasswordResetCliksDirectedToCorrectPageOrNot" time="0.0">
    <ignored/>
  </testcase> <!-- verifyTheForgetPasswordResetCliksDirectedToCorrectPageOrNot -->
  <testcase classname="testClasses.LoginTestClass" name="verifyCheckBoxRememberMeIsSelectedOrNot" time="0.0">
    <ignored/>
  </testcase> <!-- verifyCheckBoxRememberMeIsSelectedOrNot -->
  <testcase classname="testClasses.LoginTestClass" name="verifySuccessfullLogin" time="0.0">
    <ignored/>
  </testcase> <!-- verifySuccessfullLogin -->
  <testcase classname="testClasses.LoginTestClass" name="verifyUnsuccessfulLogin" time="0.0">
    <ignored/>
  </testcase> <!-- verifyUnsuccessfulLogin -->
</testsuite> <!-- Default test -->
