<?xml version="1.0" encoding="UTF-8"?>
<testng-results ignored="4" total="5" passed="1" failed="0" skipped="0">
  <reporter-output>
  </reporter-output>
  <suite started-at="2024-08-01T01:11:47 IST" name="Default suite" finished-at="2024-08-01T01:11:55 IST" duration-ms="8554">
    <groups>
    </groups>
    <test started-at="2024-08-01T01:11:47 IST" name="Default test" finished-at="2024-08-01T01:11:55 IST" duration-ms="8554">
      <class name="testClasses.LoginTestClass">
        <test-method is-config="true" signature="beforeMethod()[pri:0, instance:testClasses.LoginTestClass@3270d194]" started-at="2024-08-01T01:11:47 IST" name="beforeMethod" finished-at="2024-08-01T01:11:55 IST" duration-ms="8210" status="PASS">
          <reporter-output>
          </reporter-output>
        </test-method> <!-- beforeMethod -->
        <test-method signature="verifyTheExpectedPageIsOpenWhileHittingTheURL()[pri:1, instance:testClasses.LoginTestClass@3270d194]" started-at="2024-08-01T01:11:55 IST" name="verifyTheExpectedPageIsOpenWhileHittingTheURL" finished-at="2024-08-01T01:11:55 IST" duration-ms="89" status="PASS">
          <reporter-output>
          </reporter-output>
        </test-method> <!-- verifyTheExpectedPageIsOpenWhileHittingTheURL -->
        <test-method is-config="true" signature="afterMethod(org.testng.ITestResult)[pri:0, instance:testClasses.LoginTestClass@3270d194]" started-at="2024-08-01T01:11:55 IST" name="afterMethod" finished-at="2024-08-01T01:11:55 IST" duration-ms="198" status="PASS">
          <params>
            <param index="0">
              <value>
                <![CDATA[[TestResult name=verifyTheExpectedPageIsOpenWhileHittingTheURL status=SUCCESS method=LoginTestClass.verifyTheExpectedPageIsOpenWhileHittingTheURL()[pri:1, instance:testClasses.LoginTestClass@3270d194] output={null}]]]>
              </value>
            </param>
          </params>
          <reporter-output>
          </reporter-output>
        </test-method> <!-- afterMethod -->
      </class> <!-- testClasses.LoginTestClass -->
    </test> <!-- Default test -->
  </suite> <!-- Default suite -->
</testng-results>
