<?xml version="1.0" encoding="UTF-8"?>
<testng-results ignored="0" total="11" passed="11" failed="0" skipped="0">
  <reporter-output>
  </reporter-output>
  <suite started-at="2024-08-01T21:58:08 IST" name="GroupingSuite" finished-at="2024-08-01T21:59:40 IST" duration-ms="92242">
    <groups>
      <group name="Group B">
        <method signature="LoginTestClass.verifyTheExpectedPageIsOpenWhileHittingTheURL()[pri:1, instance:testClasses.LoginTestClass@5542c4ed]" name="verifyTheExpectedPageIsOpenWhileHittingTheURL" class="testClasses.LoginTestClass"/>
        <method signature="LoginTestClass.verifyCheckBoxRememberMeIsSelectedOrNot()[pri:4, instance:testClasses.LoginTestClass@5542c4ed]" name="verifyCheckBoxRememberMeIsSelectedOrNot" class="testClasses.LoginTestClass"/>
        <method signature="PasswordResetTestClass.verifyCancelButtonClickRedirectToLoginPageOrNot()[pri:4, instance:testClasses.PasswordResetTestClass@3590fc5b]" name="verifyCancelButtonClickRedirectToLoginPageOrNot" class="testClasses.PasswordResetTestClass"/>
        <method signature="LoginTestClass.verifyTheForgetPasswordResetCliksDirectedToCorrectPageOrNot()[pri:5, instance:testClasses.LoginTestClass@5542c4ed]" name="verifyTheForgetPasswordResetCliksDirectedToCorrectPageOrNot" class="testClasses.LoginTestClass"/>
      </group> <!-- Group B -->
      <group name="Group A">
        <method signature="LoginTestClass.verifySuccessfullLogin()[pri:2, instance:testClasses.LoginTestClass@5542c4ed]" name="verifySuccessfullLogin" class="testClasses.LoginTestClass"/>
        <method signature="LoginTestClass.verifyUnsuccessfulLogin(java.lang.String,java.lang.String)[pri:3, instance:testClasses.LoginTestClass@5542c4ed]" name="verifyUnsuccessfulLogin" class="testClasses.LoginTestClass"/>
      </group> <!-- Group A -->
      <group name="Group C">
        <method signature="PasswordResetTestClass.verifyIncorrectMailIdSubmitShowsThereIsNoUserWithThisEmail()[pri:1, instance:testClasses.PasswordResetTestClass@3590fc5b]" name="verifyIncorrectMailIdSubmitShowsThereIsNoUserWithThisEmail" class="testClasses.PasswordResetTestClass"/>
        <method signature="PasswordResetTestClass.verifyEmailCannotBeBlankMessageShowsWhenClikngSendButton()[pri:2, instance:testClasses.PasswordResetTestClass@3590fc5b]" name="verifyEmailCannotBeBlankMessageShowsWhenClikngSendButton" class="testClasses.PasswordResetTestClass"/>
        <method signature="PasswordResetTestClass.verifyEmailIsNotAValidEmailAddress()[pri:3, instance:testClasses.PasswordResetTestClass@3590fc5b]" name="verifyEmailIsNotAValidEmailAddress" class="testClasses.PasswordResetTestClass"/>
      </group> <!-- Group C -->
    </groups>
    <test started-at="2024-08-01T21:58:08 IST" name="Test" finished-at="2024-08-01T21:59:40 IST" duration-ms="92242">
      <class name="testClasses.PasswordResetTestClass">
        <test-method is-config="true" signature="beforeMethod(java.lang.String)[pri:0, instance:testClasses.PasswordResetTestClass@3590fc5b]" started-at="2024-08-01T21:58:08 IST" name="beforeMethod" finished-at="2024-08-01T21:58:18 IST" duration-ms="9694" status="PASS">
          <params>
            <param index="0">
              <value>
                <![CDATA[chrome]]>
              </value>
            </param>
          </params>
          <reporter-output>
          </reporter-output>
        </test-method> <!-- beforeMethod -->
        <test-method signature="verifyIncorrectMailIdSubmitShowsThereIsNoUserWithThisEmail()[pri:1, instance:testClasses.PasswordResetTestClass@3590fc5b]" started-at="2024-08-01T21:58:18 IST" name="verifyIncorrectMailIdSubmitShowsThereIsNoUserWithThisEmail" finished-at="2024-08-01T21:58:22 IST" duration-ms="3950" status="PASS">
          <reporter-output>
          </reporter-output>
        </test-method> <!-- verifyIncorrectMailIdSubmitShowsThereIsNoUserWithThisEmail -->
        <test-method is-config="true" signature="afterMethod(org.testng.ITestResult)[pri:0, instance:testClasses.PasswordResetTestClass@3590fc5b]" started-at="2024-08-01T21:58:22 IST" name="afterMethod" finished-at="2024-08-01T21:58:22 IST" duration-ms="384" status="PASS">
          <params>
            <param index="0">
              <value>
                <![CDATA[[TestResult name=verifyIncorrectMailIdSubmitShowsThereIsNoUserWithThisEmail status=SUCCESS method=PasswordResetTestClass.verifyIncorrectMailIdSubmitShowsThereIsNoUserWithThisEmail()[pri:1, instance:testClasses.PasswordResetTestClass@3590fc5b] output={null}]]]>
              </value>
            </param>
          </params>
          <reporter-output>
          </reporter-output>
        </test-method> <!-- afterMethod -->
        <test-method is-config="true" signature="beforeMethod(java.lang.String)[pri:0, instance:testClasses.PasswordResetTestClass@3590fc5b]" started-at="2024-08-01T21:58:22 IST" name="beforeMethod" finished-at="2024-08-01T21:58:28 IST" duration-ms="6288" status="PASS">
          <params>
            <param index="0">
              <value>
                <![CDATA[chrome]]>
              </value>
            </param>
          </params>
          <reporter-output>
          </reporter-output>
        </test-method> <!-- beforeMethod -->
        <test-method signature="verifyEmailCannotBeBlankMessageShowsWhenClikngSendButton()[pri:2, instance:testClasses.PasswordResetTestClass@3590fc5b]" started-at="2024-08-01T21:58:28 IST" name="verifyEmailCannotBeBlankMessageShowsWhenClikngSendButton" finished-at="2024-08-01T21:58:30 IST" duration-ms="1731" status="PASS">
          <reporter-output>
          </reporter-output>
        </test-method> <!-- verifyEmailCannotBeBlankMessageShowsWhenClikngSendButton -->
        <test-method is-config="true" signature="afterMethod(org.testng.ITestResult)[pri:0, instance:testClasses.PasswordResetTestClass@3590fc5b]" started-at="2024-08-01T21:58:30 IST" name="afterMethod" finished-at="2024-08-01T21:58:30 IST" duration-ms="214" status="PASS">
          <params>
            <param index="0">
              <value>
                <![CDATA[[TestResult name=verifyEmailCannotBeBlankMessageShowsWhenClikngSendButton status=SUCCESS method=PasswordResetTestClass.verifyEmailCannotBeBlankMessageShowsWhenClikngSendButton()[pri:2, instance:testClasses.PasswordResetTestClass@3590fc5b] output={null}]]]>
              </value>
            </param>
          </params>
          <reporter-output>
          </reporter-output>
        </test-method> <!-- afterMethod -->
        <test-method is-config="true" signature="beforeMethod(java.lang.String)[pri:0, instance:testClasses.PasswordResetTestClass@3590fc5b]" started-at="2024-08-01T21:58:30 IST" name="beforeMethod" finished-at="2024-08-01T21:58:36 IST" duration-ms="6045" status="PASS">
          <params>
            <param index="0">
              <value>
                <![CDATA[chrome]]>
              </value>
            </param>
          </params>
          <reporter-output>
          </reporter-output>
        </test-method> <!-- beforeMethod -->
        <test-method signature="verifyEmailIsNotAValidEmailAddress()[pri:3, instance:testClasses.PasswordResetTestClass@3590fc5b]" started-at="2024-08-01T21:58:36 IST" name="verifyEmailIsNotAValidEmailAddress" finished-at="2024-08-01T21:58:38 IST" duration-ms="1868" status="PASS">
          <reporter-output>
          </reporter-output>
        </test-method> <!-- verifyEmailIsNotAValidEmailAddress -->
        <test-method is-config="true" signature="afterMethod(org.testng.ITestResult)[pri:0, instance:testClasses.PasswordResetTestClass@3590fc5b]" started-at="2024-08-01T21:58:38 IST" name="afterMethod" finished-at="2024-08-01T21:58:39 IST" duration-ms="187" status="PASS">
          <params>
            <param index="0">
              <value>
                <![CDATA[[TestResult name=verifyEmailIsNotAValidEmailAddress status=SUCCESS method=PasswordResetTestClass.verifyEmailIsNotAValidEmailAddress()[pri:3, instance:testClasses.PasswordResetTestClass@3590fc5b] output={null}]]]>
              </value>
            </param>
          </params>
          <reporter-output>
          </reporter-output>
        </test-method> <!-- afterMethod -->
        <test-method is-config="true" signature="beforeMethod(java.lang.String)[pri:0, instance:testClasses.PasswordResetTestClass@3590fc5b]" started-at="2024-08-01T21:58:39 IST" name="beforeMethod" finished-at="2024-08-01T21:58:44 IST" duration-ms="5949" status="PASS">
          <params>
            <param index="0">
              <value>
                <![CDATA[chrome]]>
              </value>
            </param>
          </params>
          <reporter-output>
          </reporter-output>
        </test-method> <!-- beforeMethod -->
        <test-method signature="verifyCancelButtonClickRedirectToLoginPageOrNot()[pri:4, instance:testClasses.PasswordResetTestClass@3590fc5b]" started-at="2024-08-01T21:58:44 IST" name="verifyCancelButtonClickRedirectToLoginPageOrNot" finished-at="2024-08-01T21:58:46 IST" duration-ms="1527" status="PASS">
          <reporter-output>
          </reporter-output>
        </test-method> <!-- verifyCancelButtonClickRedirectToLoginPageOrNot -->
        <test-method is-config="true" signature="afterMethod(org.testng.ITestResult)[pri:0, instance:testClasses.PasswordResetTestClass@3590fc5b]" started-at="2024-08-01T21:58:46 IST" name="afterMethod" finished-at="2024-08-01T21:58:46 IST" duration-ms="226" status="PASS">
          <params>
            <param index="0">
              <value>
                <![CDATA[[TestResult name=verifyCancelButtonClickRedirectToLoginPageOrNot status=SUCCESS method=PasswordResetTestClass.verifyCancelButtonClickRedirectToLoginPageOrNot()[pri:4, instance:testClasses.PasswordResetTestClass@3590fc5b] output={null}]]]>
              </value>
            </param>
          </params>
          <reporter-output>
          </reporter-output>
        </test-method> <!-- afterMethod -->
      </class> <!-- testClasses.PasswordResetTestClass -->
      <class name="testClasses.LoginTestClass">
        <test-method is-config="true" signature="beforeMethod(java.lang.String)[pri:0, instance:testClasses.LoginTestClass@5542c4ed]" started-at="2024-08-01T21:58:46 IST" name="beforeMethod" finished-at="2024-08-01T21:58:52 IST" duration-ms="6152" status="PASS">
          <params>
            <param index="0">
              <value>
                <![CDATA[chrome]]>
              </value>
            </param>
          </params>
          <reporter-output>
          </reporter-output>
        </test-method> <!-- beforeMethod -->
        <test-method signature="verifyTheExpectedPageIsOpenWhileHittingTheURL()[pri:1, instance:testClasses.LoginTestClass@5542c4ed]" started-at="2024-08-01T21:58:52 IST" name="verifyTheExpectedPageIsOpenWhileHittingTheURL" finished-at="2024-08-01T21:58:52 IST" duration-ms="51" status="PASS">
          <reporter-output>
          </reporter-output>
        </test-method> <!-- verifyTheExpectedPageIsOpenWhileHittingTheURL -->
        <test-method is-config="true" signature="afterMethod(org.testng.ITestResult)[pri:0, instance:testClasses.LoginTestClass@5542c4ed]" started-at="2024-08-01T21:58:52 IST" name="afterMethod" finished-at="2024-08-01T21:58:53 IST" duration-ms="216" status="PASS">
          <params>
            <param index="0">
              <value>
                <![CDATA[[TestResult name=verifyTheExpectedPageIsOpenWhileHittingTheURL status=SUCCESS method=LoginTestClass.verifyTheExpectedPageIsOpenWhileHittingTheURL()[pri:1, instance:testClasses.LoginTestClass@5542c4ed] output={null}]]]>
              </value>
            </param>
          </params>
          <reporter-output>
          </reporter-output>
        </test-method> <!-- afterMethod -->
        <test-method is-config="true" signature="beforeMethod(java.lang.String)[pri:0, instance:testClasses.LoginTestClass@5542c4ed]" started-at="2024-08-01T21:58:53 IST" name="beforeMethod" finished-at="2024-08-01T21:58:59 IST" duration-ms="6054" status="PASS">
          <params>
            <param index="0">
              <value>
                <![CDATA[chrome]]>
              </value>
            </param>
          </params>
          <reporter-output>
          </reporter-output>
        </test-method> <!-- beforeMethod -->
        <test-method signature="verifySuccessfullLogin()[pri:2, instance:testClasses.LoginTestClass@5542c4ed]" started-at="2024-08-01T21:58:59 IST" name="verifySuccessfullLogin" finished-at="2024-08-01T21:59:01 IST" duration-ms="2644" status="PASS">
          <reporter-output>
          </reporter-output>
        </test-method> <!-- verifySuccessfullLogin -->
        <test-method is-config="true" signature="afterMethod(org.testng.ITestResult)[pri:0, instance:testClasses.LoginTestClass@5542c4ed]" started-at="2024-08-01T21:59:01 IST" name="afterMethod" finished-at="2024-08-01T21:59:02 IST" duration-ms="197" status="PASS">
          <params>
            <param index="0">
              <value>
                <![CDATA[[TestResult name=verifySuccessfullLogin status=SUCCESS method=LoginTestClass.verifySuccessfullLogin()[pri:2, instance:testClasses.LoginTestClass@5542c4ed] output={null}]]]>
              </value>
            </param>
          </params>
          <reporter-output>
          </reporter-output>
        </test-method> <!-- afterMethod -->
        <test-method is-config="true" signature="beforeMethod(java.lang.String)[pri:0, instance:testClasses.LoginTestClass@5542c4ed]" started-at="2024-08-01T21:59:02 IST" name="beforeMethod" finished-at="2024-08-01T21:59:08 IST" duration-ms="6176" status="PASS">
          <params>
            <param index="0">
              <value>
                <![CDATA[chrome]]>
              </value>
            </param>
          </params>
          <reporter-output>
          </reporter-output>
        </test-method> <!-- beforeMethod -->
        <test-method signature="verifyUnsuccessfulLogin(java.lang.String,java.lang.String)[pri:3, instance:testClasses.LoginTestClass@5542c4ed]" started-at="2024-08-01T21:59:08 IST" name="verifyUnsuccessfulLogin" data-provider="unsuccessful" finished-at="2024-08-01T21:59:09 IST" duration-ms="1252" status="PASS">
          <params>
            <param index="0">
              <value>
                <![CDATA[admin]]>
              </value>
            </param>
            <param index="1">
              <value>
                <![CDATA[admin123]]>
              </value>
            </param>
          </params>
          <reporter-output>
          </reporter-output>
        </test-method> <!-- verifyUnsuccessfulLogin -->
        <test-method is-config="true" signature="afterMethod(org.testng.ITestResult)[pri:0, instance:testClasses.LoginTestClass@5542c4ed]" started-at="2024-08-01T21:59:09 IST" name="afterMethod" finished-at="2024-08-01T21:59:09 IST" duration-ms="254" status="PASS">
          <params>
            <param index="0">
              <value>
                <![CDATA[[TestResult name=verifyUnsuccessfulLogin status=SUCCESS method=LoginTestClass.verifyUnsuccessfulLogin(java.lang.String,java.lang.String)[pri:3, instance:testClasses.LoginTestClass@5542c4ed] output={null}]]]>
              </value>
            </param>
          </params>
          <reporter-output>
          </reporter-output>
        </test-method> <!-- afterMethod -->
        <test-method is-config="true" signature="beforeMethod(java.lang.String)[pri:0, instance:testClasses.LoginTestClass@5542c4ed]" started-at="2024-08-01T21:59:09 IST" name="beforeMethod" finished-at="2024-08-01T21:59:16 IST" duration-ms="6482" status="PASS">
          <params>
            <param index="0">
              <value>
                <![CDATA[chrome]]>
              </value>
            </param>
          </params>
          <reporter-output>
          </reporter-output>
        </test-method> <!-- beforeMethod -->
        <test-method signature="verifyUnsuccessfulLogin(java.lang.String,java.lang.String)[pri:3, instance:testClasses.LoginTestClass@5542c4ed]" started-at="2024-08-01T21:59:16 IST" name="verifyUnsuccessfulLogin" data-provider="unsuccessful" finished-at="2024-08-01T21:59:17 IST" duration-ms="1229" status="PASS">
          <params>
            <param index="0">
              <value>
                <![CDATA[carl]]>
              </value>
            </param>
            <param index="1">
              <value>
                <![CDATA[1q2w3e4r]]>
              </value>
            </param>
          </params>
          <reporter-output>
          </reporter-output>
        </test-method> <!-- verifyUnsuccessfulLogin -->
        <test-method is-config="true" signature="afterMethod(org.testng.ITestResult)[pri:0, instance:testClasses.LoginTestClass@5542c4ed]" started-at="2024-08-01T21:59:17 IST" name="afterMethod" finished-at="2024-08-01T21:59:17 IST" duration-ms="181" status="PASS">
          <params>
            <param index="0">
              <value>
                <![CDATA[[TestResult name=verifyUnsuccessfulLogin status=SUCCESS method=LoginTestClass.verifyUnsuccessfulLogin(java.lang.String,java.lang.String)[pri:3, instance:testClasses.LoginTestClass@5542c4ed] output={null}]]]>
              </value>
            </param>
          </params>
          <reporter-output>
          </reporter-output>
        </test-method> <!-- afterMethod -->
        <test-method is-config="true" signature="beforeMethod(java.lang.String)[pri:0, instance:testClasses.LoginTestClass@5542c4ed]" started-at="2024-08-01T21:59:17 IST" name="beforeMethod" finished-at="2024-08-01T21:59:23 IST" duration-ms="6142" status="PASS">
          <params>
            <param index="0">
              <value>
                <![CDATA[chrome]]>
              </value>
            </param>
          </params>
          <reporter-output>
          </reporter-output>
        </test-method> <!-- beforeMethod -->
        <test-method signature="verifyUnsuccessfulLogin(java.lang.String,java.lang.String)[pri:3, instance:testClasses.LoginTestClass@5542c4ed]" started-at="2024-08-01T21:59:23 IST" name="verifyUnsuccessfulLogin" data-provider="unsuccessful" finished-at="2024-08-01T21:59:25 IST" duration-ms="1943" status="PASS">
          <params>
            <param index="0">
              <value>
                <![CDATA[carol]]>
              </value>
            </param>
            <param index="1">
              <value>
                <![CDATA[admin]]>
              </value>
            </param>
          </params>
          <reporter-output>
          </reporter-output>
        </test-method> <!-- verifyUnsuccessfulLogin -->
        <test-method is-config="true" signature="afterMethod(org.testng.ITestResult)[pri:0, instance:testClasses.LoginTestClass@5542c4ed]" started-at="2024-08-01T21:59:25 IST" name="afterMethod" finished-at="2024-08-01T21:59:26 IST" duration-ms="231" status="PASS">
          <params>
            <param index="0">
              <value>
                <![CDATA[[TestResult name=verifyUnsuccessfulLogin status=SUCCESS method=LoginTestClass.verifyUnsuccessfulLogin(java.lang.String,java.lang.String)[pri:3, instance:testClasses.LoginTestClass@5542c4ed] output={null}]]]>
              </value>
            </param>
          </params>
          <reporter-output>
          </reporter-output>
        </test-method> <!-- afterMethod -->
        <test-method is-config="true" signature="beforeMethod(java.lang.String)[pri:0, instance:testClasses.LoginTestClass@5542c4ed]" started-at="2024-08-01T21:59:26 IST" name="beforeMethod" finished-at="2024-08-01T21:59:32 IST" duration-ms="6077" status="PASS">
          <params>
            <param index="0">
              <value>
                <![CDATA[chrome]]>
              </value>
            </param>
          </params>
          <reporter-output>
          </reporter-output>
        </test-method> <!-- beforeMethod -->
        <test-method signature="verifyCheckBoxRememberMeIsSelectedOrNot()[pri:4, instance:testClasses.LoginTestClass@5542c4ed]" started-at="2024-08-01T21:59:32 IST" name="verifyCheckBoxRememberMeIsSelectedOrNot" finished-at="2024-08-01T21:59:32 IST" duration-ms="64" status="PASS">
          <reporter-output>
          </reporter-output>
        </test-method> <!-- verifyCheckBoxRememberMeIsSelectedOrNot -->
        <test-method is-config="true" signature="afterMethod(org.testng.ITestResult)[pri:0, instance:testClasses.LoginTestClass@5542c4ed]" started-at="2024-08-01T21:59:32 IST" name="afterMethod" finished-at="2024-08-01T21:59:32 IST" duration-ms="264" status="PASS">
          <params>
            <param index="0">
              <value>
                <![CDATA[[TestResult name=verifyCheckBoxRememberMeIsSelectedOrNot status=SUCCESS method=LoginTestClass.verifyCheckBoxRememberMeIsSelectedOrNot()[pri:4, instance:testClasses.LoginTestClass@5542c4ed] output={null}]]]>
              </value>
            </param>
          </params>
          <reporter-output>
          </reporter-output>
        </test-method> <!-- afterMethod -->
        <test-method is-config="true" signature="beforeMethod(java.lang.String)[pri:0, instance:testClasses.LoginTestClass@5542c4ed]" started-at="2024-08-01T21:59:32 IST" name="beforeMethod" finished-at="2024-08-01T21:59:38 IST" duration-ms="5859" status="PASS">
          <params>
            <param index="0">
              <value>
                <![CDATA[chrome]]>
              </value>
            </param>
          </params>
          <reporter-output>
          </reporter-output>
        </test-method> <!-- beforeMethod -->
        <test-method signature="verifyTheForgetPasswordResetCliksDirectedToCorrectPageOrNot()[pri:5, instance:testClasses.LoginTestClass@5542c4ed]" started-at="2024-08-01T21:59:38 IST" name="verifyTheForgetPasswordResetCliksDirectedToCorrectPageOrNot" finished-at="2024-08-01T21:59:40 IST" duration-ms="2224" status="PASS">
          <reporter-output>
          </reporter-output>
        </test-method> <!-- verifyTheForgetPasswordResetCliksDirectedToCorrectPageOrNot -->
        <test-method is-config="true" signature="afterMethod(org.testng.ITestResult)[pri:0, instance:testClasses.LoginTestClass@5542c4ed]" started-at="2024-08-01T21:59:40 IST" name="afterMethod" finished-at="2024-08-01T21:59:40 IST" duration-ms="183" status="PASS">
          <params>
            <param index="0">
              <value>
                <![CDATA[[TestResult name=verifyTheForgetPasswordResetCliksDirectedToCorrectPageOrNot status=SUCCESS method=LoginTestClass.verifyTheForgetPasswordResetCliksDirectedToCorrectPageOrNot()[pri:5, instance:testClasses.LoginTestClass@5542c4ed] output={null}]]]>
              </value>
            </param>
          </params>
          <reporter-output>
          </reporter-output>
        </test-method> <!-- afterMethod -->
      </class> <!-- testClasses.LoginTestClass -->
    </test> <!-- Test -->
  </suite> <!-- GroupingSuite -->
</testng-results>
